<?xml version="1.0" encoding="UTF-8"?>
<!-- Generated by org.testng.reporters.JUnitReportReporter -->
<testsuite skipped="0" hostname="CDC2-D-9T6Q882" name="orangelive.orLogin" tests="1" failures="0" timestamp="20 Nov 2019 10:51:43 GMT" time="49.148" errors="0">
  <testcase name="PIMtable" time="49.148" classname="orangelive.orLogin"/>
</testsuite> <!-- orangelive.orLogin -->
